<component name="libraryTable">
  <library name="junitlab-impl">
    <CLASSES>
      <root url="jar://$PROJECT_DIR$/lib/junitlab-impl.jar!/" />
    </CLASSES>
    <JAVADOC />
    <SOURCES>
      <root url="jar://$PROJECT_DIR$/lib/junitlab-impl.jar!/" />
    </SOURCES>
  </library>
</component>